c:\users\eric\source\repos\orbitars with catch\orbitars with catch\release\vc142.pdb
c:\users\eric\source\repos\orbitars with catch\orbitars with catch\release\udp_interface.obj
c:\users\eric\source\repos\orbitars with catch\orbitars with catch\release\isqldatabase.obj
c:\users\eric\source\repos\orbitars with catch\orbitars with catch\release\packet.obj
c:\users\eric\source\repos\orbitars with catch\orbitars with catch\release\istars.obj
c:\users\eric\source\repos\orbitars with catch\orbitars with catch\release\iquadtree.obj
c:\users\eric\source\repos\orbitars with catch\orbitars with catch\release\qt.obj
c:\users\eric\source\repos\orbitars with catch\orbitars with catch\release\splash.obj
c:\users\eric\source\repos\orbitars with catch\orbitars with catch\release\player.obj
c:\users\eric\source\repos\orbitars with catch\orbitars with catch\release\main.obj
c:\users\eric\source\repos\orbitars with catch\orbitars with catch\release\join.obj
c:\users\eric\source\repos\orbitars with catch\orbitars with catch\release\iscreen.obj
c:\users\eric\source\repos\orbitars with catch\orbitars with catch\release\host.obj
c:\users\eric\source\repos\orbitars with catch\orbitars with catch\release\gamestate.obj
c:\users\eric\source\repos\orbitars with catch\orbitars with catch\release\entity.obj
c:\users\eric\source\repos\orbitars with catch\orbitars with catch\release\asteroid.obj
c:\users\eric\source\repos\orbitars with catch\orbitars with catch\release\bullet.obj
c:\users\eric\source\repos\orbitars with catch\orbitars with catch\release\orbitars.f1307e67.tlog\cl.command.1.tlog
c:\users\eric\source\repos\orbitars with catch\orbitars with catch\release\orbitars.f1307e67.tlog\cl.read.1.tlog
c:\users\eric\source\repos\orbitars with catch\orbitars with catch\release\orbitars.f1307e67.tlog\cl.write.1.tlog
