c:\users\eric\source\repos\orbitars with catch\orbitars with catch\debug\vc142.pdb
c:\users\eric\source\repos\orbitars with catch\orbitars with catch\debug\vc142.idb
c:\users\eric\source\repos\orbitars with catch\orbitars with catch\debug\sqlite3.obj
c:\users\eric\source\repos\orbitars with catch\orbitars with catch\debug\isqldatabase.obj
c:\users\eric\source\repos\orbitars with catch\orbitars with catch\debug\splash.obj
c:\users\eric\source\repos\orbitars with catch\orbitars with catch\debug\qt.obj
c:\users\eric\source\repos\orbitars with catch\orbitars with catch\debug\player.obj
c:\users\eric\source\repos\orbitars with catch\orbitars with catch\debug\orbitars with catch.obj
c:\users\eric\source\repos\orbitars with catch\orbitars with catch\debug\main.obj
c:\users\eric\source\repos\orbitars with catch\orbitars with catch\debug\istars.obj
c:\users\eric\source\repos\orbitars with catch\orbitars with catch\debug\iscreen.obj
c:\users\eric\source\repos\orbitars with catch\orbitars with catch\debug\iquadtree.obj
c:\users\eric\source\repos\orbitars with catch\orbitars with catch\debug\gamestate.obj
c:\users\eric\source\repos\orbitars with catch\orbitars with catch\debug\game.obj
c:\users\eric\source\repos\orbitars with catch\orbitars with catch\debug\entity.obj
c:\users\eric\source\repos\orbitars with catch\orbitars with catch\debug\bullet.obj
c:\users\eric\source\repos\orbitars with catch\orbitars with catch\debug\asteroid.obj
c:\users\eric\source\repos\orbitars with catch\debug\orbitars with catch.exe
c:\users\eric\source\repos\orbitars with catch\debug\orbitars with catch.ilk
c:\users\eric\source\repos\orbitars with catch\debug\orbitars with catch.pdb
c:\users\eric\source\repos\orbitars with catch\orbitars with catch\debug\orbitars with catch.res
c:\users\eric\source\repos\orbitars with catch\orbitars with catch\debug\asteroid.obj.enc
c:\users\eric\source\repos\orbitars with catch\orbitars with catch\debug\game.obj.enc
c:\users\eric\source\repos\orbitars with catch\orbitars with catch\debug\player.obj.enc
c:\users\eric\source\repos\orbitars with catch\orbitars with catch\debug\qt.obj.enc
c:\users\eric\source\repos\orbitars with catch\orbitars with catch\debug\orbitars.f1307e67.tlog\cl.command.1.tlog
c:\users\eric\source\repos\orbitars with catch\orbitars with catch\debug\orbitars.f1307e67.tlog\cl.read.1.tlog
c:\users\eric\source\repos\orbitars with catch\orbitars with catch\debug\orbitars.f1307e67.tlog\cl.write.1.tlog
c:\users\eric\source\repos\orbitars with catch\orbitars with catch\debug\orbitars.f1307e67.tlog\link.command.1.tlog
c:\users\eric\source\repos\orbitars with catch\orbitars with catch\debug\orbitars.f1307e67.tlog\link.read.1.tlog
c:\users\eric\source\repos\orbitars with catch\orbitars with catch\debug\orbitars.f1307e67.tlog\link.write.1.tlog
c:\users\eric\source\repos\orbitars with catch\orbitars with catch\debug\orbitars.f1307e67.tlog\rc.command.1.tlog
c:\users\eric\source\repos\orbitars with catch\orbitars with catch\debug\orbitars.f1307e67.tlog\rc.read.1.tlog
c:\users\eric\source\repos\orbitars with catch\orbitars with catch\debug\orbitars.f1307e67.tlog\rc.write.1.tlog
