  Asteroid.cpp
  Bullet.cpp
  Entity.cpp
  Game.cpp
C:\Users\eric\source\repos\Orbitars with Catch\Orbitars with Catch\Game.cpp(78,30): warning C4101: '_pUpdateResponse': unreferenced local variable
C:\Users\eric\source\repos\Orbitars with Catch\Orbitars with Catch\Game.cpp(79,29): warning C4101: '_pDeath': unreferenced local variable
C:\Users\eric\source\repos\Orbitars with Catch\Orbitars with Catch\Game.cpp(164,160): warning C4267: 'argument': conversion from 'size_t' to 'int', possible loss of data
C:\Users\eric\source\repos\Orbitars with Catch\Orbitars with Catch\Game.cpp(173,35): warning C4267: '=': conversion from 'size_t' to 'int', possible loss of data
C:\Users\eric\source\repos\Orbitars with Catch\Orbitars with Catch\Game.cpp(174,41): warning C4267: '=': conversion from 'size_t' to 'int', possible loss of data
  GameState.cpp
  Host.cpp
C:\Users\eric\source\repos\Orbitars with Catch\Orbitars with Catch\Host.cpp(99,50): warning C4267: '=': conversion from 'size_t' to 'int', possible loss of data
  IQuadTree.cpp
  IScreen.cpp
  IStars.cpp
  Join.cpp
C:\Users\eric\source\repos\Orbitars with Catch\Orbitars with Catch\Join.cpp(95,50): warning C4267: '=': conversion from 'size_t' to 'int', possible loss of data
C:\Users\eric\source\repos\Orbitars with Catch\Orbitars with Catch\Join.cpp(132,64): warning C4267: '=': conversion from 'size_t' to 'int', possible loss of data
  Main.cpp
C:\Users\eric\source\repos\Orbitars with Catch\Orbitars with Catch\Main.cpp(118,37): warning C4267: '=': conversion from 'size_t' to 'LONG', possible loss of data
C:\Users\eric\source\repos\Orbitars with Catch\Orbitars with Catch\Main.cpp(119,40): warning C4267: '=': conversion from 'size_t' to 'LONG', possible loss of data
  Orbitars with Catch.cpp
  Packet.cpp
  Player.cpp
  qt.cpp
  Splash.cpp
  ISQLDatabase.cpp
C:\Users\eric\source\repos\Orbitars with Catch\Orbitars with Catch\sql\ISQLDatabase.cpp(131,1): warning C4267: 'argument': conversion from 'size_t' to 'int', possible loss of data
  UDP_Interface.cpp
C:\Users\eric\source\repos\Orbitars with Catch\Orbitars with Catch\UDP_Interface.cpp(123,101): warning C4267: 'argument': conversion from 'size_t' to 'int', possible loss of data
C:\Users\eric\source\repos\Orbitars with Catch\Orbitars with Catch\UDP_Interface.cpp(180,66): warning C4267: 'argument': conversion from 'size_t' to 'int', possible loss of data
  Generating Code...
  sqlite3.c
  Orbitars with Catch.vcxproj -> C:\Users\eric\source\repos\Orbitars with Catch\x64\Debug\Orbitars with Catch.exe
